<?xml version="1.0" encoding="UTF-8"?>
<testsuite xmlns:xsi="http://www.w3.org/2001/XMLSchema-instance" xsi:noNamespaceSchemaLocation="https://maven.apache.org/surefire/maven-surefire-plugin/xsd/surefire-test-report-3.0.xsd" version="3.0" name="com.benjacksondev.springbootcodegen.GeneratorSnapshotTests" time="0.098" tests="4" errors="0" skipped="0" failures="0">
  <properties>
[...]
</properties>
  <testcase name="generateEntityTest" classname="com.benjacksondev.springbootcodegen.GeneratorSnapshotTests" time="0.027">
    <system-err><![CDATA[SLF4J: Failed to load class "org.slf4j.impl.StaticLoggerBinder".
SLF4J: Defaulting to no-operation (NOP) logger implementation
SLF4J: See http://www.slf4j.org/codes.html#StaticLoggerBinder for further details.
]]></system-err>
  </testcase>
  <testcase name="generateServiceTest" classname="com.benjacksondev.springbootcodegen.GeneratorSnapshotTests" time="0.042"/>
  <testcase name="generateControllerTest" classname="com.benjacksondev.springbootcodegen.GeneratorSnapshotTests" time="0.003"/>
  <testcase name="generateRepositoryTest" classname="com.benjacksondev.springbootcodegen.GeneratorSnapshotTests" time="0.003"/>
</testsuite>